<?xml version="1.0" encoding="UTF-8"?>
<!-- Generated by org.testng.reporters.JUnitReportReporter -->
<testsuite skipped="0" hostname="SorooriFamily" name="tests.CreateNewUser" tests="1" failures="0" timestamp="04 Sep 2020 05:27:16 GMT" time="2.223" errors="0">
  <testcase name="createUserByPayLoad" time="2.223" classname="tests.CreateNewUser"/>
</testsuite> <!-- tests.CreateNewUser -->
